<?xml version="1.0" encoding="UTF-8"?>
<testng-results ignored="0" total="1" passed="1" failed="0" skipped="0">
  <reporter-output>
  </reporter-output>
  <suite started-at="2023-06-04T13:29:53 IST" name="Suite" finished-at="2023-06-04T13:30:00 IST" duration-ms="6590">
    <groups>
    </groups>
    <test started-at="2023-06-04T13:29:53 IST" name="Test" finished-at="2023-06-04T13:30:00 IST" duration-ms="6590">
      <class name="com.test.testcases.Tc_registration">
        <test-method is-config="true" signature="setup()[pri:0, instance:com.test.testcases.Tc_registration@78691363]" started-at="2023-06-04T13:29:53 IST" name="setup" finished-at="2023-06-04T13:29:57 IST" duration-ms="3730" status="PASS">
          <reporter-output>
          </reporter-output>
        </test-method> <!-- setup -->
        <test-method signature="verifyregistrationpage()[pri:0, instance:com.test.testcases.Tc_registration@78691363]" started-at="2023-06-04T13:29:57 IST" name="verifyregistrationpage" finished-at="2023-06-04T13:29:59 IST" duration-ms="2673" status="PASS">
          <reporter-output>
          </reporter-output>
        </test-method> <!-- verifyregistrationpage -->
        <test-method is-config="true" signature="teardown()[pri:0, instance:com.test.testcases.Tc_registration@78691363]" started-at="2023-06-04T13:29:59 IST" name="teardown" finished-at="2023-06-04T13:30:00 IST" duration-ms="128" status="PASS">
          <reporter-output>
          </reporter-output>
        </test-method> <!-- teardown -->
      </class> <!-- com.test.testcases.Tc_registration -->
    </test> <!-- Test -->
  </suite> <!-- Suite -->
</testng-results>
